
  .   ____          _            __ _ _
 /\\ / ___'_ __ _ _(_)_ __  __ _ \ \ \ \
( ( )\___ | '_ | '_| | '_ \/ _` | \ \ \ \
 \\/  ___)| |_)| | | | | || (_| |  ) ) ) )
  '  |____| .__|_| |_|_| |_\__, | / / / /
 =========|_|==============|___/=/_/_/_/

 :: Spring Boot ::                (v4.1.0)

2026-06-19T12:01:17.965+05:30  INFO 3228 --- [BookStore] [           main] com.app.BookStore.BookStoreApplication   : Starting BookStoreApplication v0.0.1-SNAPSHOT using Java 21.0.10 with PID 3228 (C:\Users\Admin\Desktop\Java Backend P99 Soft Training\BookStore\BookStore\target\BookStore-0.0.1-SNAPSHOT.jar started by Admin in C:\Users\Admin\Desktop\Java Backend P99 Soft Training\BookStore\BookStore)
2026-06-19T12:01:18.002+05:30  INFO 3228 --- [BookStore] [           main] com.app.BookStore.BookStoreApplication   : No active profile set, falling back to 1 default profile: "default"
2026-06-19T12:01:19.318+05:30  INFO 3228 --- [BookStore] [           main] o.s.boot.tomcat.TomcatWebServer          : Tomcat initialized with port 8080 (http)
2026-06-19T12:01:19.370+05:30  INFO 3228 --- [BookStore] [           main] o.apache.catalina.core.StandardService   : Starting service [Tomcat]
2026-06-19T12:01:19.371+05:30  INFO 3228 --- [BookStore] [           main] o.apache.catalina.core.StandardEngine    : Starting Servlet engine: [Apache Tomcat/11.0.22]
2026-06-19T12:01:19.400+05:30  INFO 3228 --- [BookStore] [           main] b.w.c.s.WebApplicationContextInitializer : Root WebApplicationContext: initialization completed in 1319 ms
2026-06-19T12:01:19.828+05:30  WARN 3228 --- [BookStore] [           main] ConfigServletWebServerApplicationContext : Exception encountered during context initialization - cancelling refresh attempt: org.springframework.context.ApplicationContextException: Failed to start bean 'webServerStartStop'
2026-06-19T12:01:19.844+05:30  INFO 3228 --- [BookStore] [           main] .s.b.a.l.ConditionEvaluationReportLogger : 

Error starting ApplicationContext. To display the condition evaluation report re-run your application with 'debug' enabled.
2026-06-19T12:01:19.859+05:30 ERROR 3228 --- [BookStore] [           main] o.s.b.d.LoggingFailureAnalysisReporter   : 

***************************
APPLICATION FAILED TO START
***************************

Description:

Web server failed to start. Port 8080 was already in use.

Action:

Identify and stop the process that's listening on port 8080 or configure this application to listen on another port.

